<?xml version="1.0" encoding="UTF-8"?>
<!-- Generated by org.testng.reporters.JUnitReportReporter -->
<testsuite skipped="0" hostname="DESKTOP-GI36MBF" name="com.testNg.NewTest" tests="4" failures="0" timestamp="06 Oct 2020 01:46:14 GMT" time="4.166" errors="0">
  <testcase name="TestRun4" time="0.953" classname="com.testNg.NewTest"/>
  <testcase name="TestRun3" time="0.143" classname="com.testNg.NewTest"/>
  <testcase name="TestRun5" time="0.057" classname="com.testNg.NewTest"/>
  <testcase name="TestRun2" time="3.013" classname="com.testNg.NewTest"/>
</testsuite> <!-- com.testNg.NewTest -->
